MPASM 5.84                          MAIN.ASM   9-26-2020  0:30:17         PAGE  1


LOC  OBJECT CODE     LINE SOURCE TEXT
  VALUE

                      00001     LIST p=16F887
                      00002     INCLUDE <P16F887.INC>
                      00001         LIST
                      00002 
                      00003 ;==========================================================================
                      00004 ; Build date : Mar 17 2019
                      00005 ;  MPASM PIC16F887 processor include
                      00006 ; 
                      00007 ;  (c) Copyright 1999-2019 Microchip Technology, All rights reserved
                      00008 ;==========================================================================
                      00009 
                      00810         LIST
                      00003 
                      00004 ; CONFIG1
                      00005 ; __config 0xF0F1
2007   30F1           00006  __CONFIG _CONFIG1, _FOSC_XT & _WDTE_OFF & _PWRTE_OFF & _MCLRE_ON & _CP_OFF & _CPD_OFF & _BOREN_OFF & _I
                            ESO_OFF & _FCMEN_OFF & _LVP_ON
                      00007 ; CONFIG2
                      00008 ; __config 0xFFFF
2008   3FFF           00009  __CONFIG _CONFIG2, _BOR4V_BOR40V & _WRT_OFF
                      00010 
                      00011     
                      00012 ;***** VARIABLE DEFINITIONS
                      00013 
  00000027            00014 v1 EQU 0x27
  00000020            00015 v2 EQU 0x20
  00000021            00016 temporal EQU 0x21
  00000022            00017 unidad EQU 0x22
  00000023            00018 v3 EQU 0x23
  00000024            00019 limite equ 0x24
  00000025            00020 inverso equ 0x25
  00000026            00021 cont equ 0x26
                      00022 
                      00023     ORG 0x00 ; Inicio de programa
0000   2???           00024     goto init
                      00025  ;**** Configurar el puerto****
0001                  00026 init
0001   1683           00027         bsf STATUS,RP0
0002   1303           00028         bcf STATUS,RP1
0003   3028           00029         movlw b'00101000'
Message[302]: Register in operand not in bank 0.  Ensure that bank bits are correct.
0004   0081           00030         movwf OPTION_REG
0005   1683           00031         bsf STATUS,5 ; Cambia al Banco 1
0006   3000           00032         movlw 00h ; Configura los pines del puerto B ...
Message[302]: Register in operand not in bank 0.  Ensure that bank bits are correct.
0007   0086           00033         movwf TRISB ; ...como salidas.
Message[302]: Register in operand not in bank 0.  Ensure that bank bits are correct.
0008   0087           00034         movwf TRISC ; ...como salidas.
                      00035 
0009   1283           00036         bcf STATUS,5 ; Vuelve al Banco 0
000A   3000           00037         movlw 00h ; Configura nuestro registro w con 02h
000B   0086           00038         movwf PORTB ; ...como salidas.
000C   0087           00039         movwf PORTC ; ...como salidas.
MPASM 5.84                          MAIN.ASM   9-26-2020  0:30:17         PAGE  2


LOC  OBJECT CODE     LINE SOURCE TEXT
  VALUE

000D   303F           00040         movlw b'00111111'
000E   0087           00041         movwf PORTC
000F   304F           00042         movlw b'01001111'
0010   0086           00043         movwf PORTB
                      00044 
0011                  00045 MAIN
0011   3000           00046         MOVLW b'00000000'
0012   00A6           00047         MOVWF cont
0013   301E           00048         MOVLW b'00011110'
0014   00A5           00049         MOVWF inverso
0015   0801           00050         MOVFW TMR0
0016   02A5           00051         SUBWF inverso,f
0017   00A1           00052         MOVWF temporal
0018   301E           00053         MOVLW B'00011110'
0019   00A4           00054         MOVWF limite
Message[305]: Using default destination of 1 (file).
001A   06A1           00055         XORWF temporal
001B   1D03           00056         BTFSS STATUS,Z
001C   2???           00057         GOTO MOSTRAR
001D   304F           00058         MOVLW b'01001111'
001E   0087           00059         MOVWF PORTC
001F   303F           00060         MOVLW b'00111111'
0020   0086           00061         MOVWF PORTB
0021   0181           00062         CLRF TMR0
0022   2???           00063         GOTO MAIN       
                      00064 
0023                  00065 MOSTRAR
0023   300A           00066         MOVLW b'00001010'
0024   00A2           00067         MOVWF unidad
0025   02A5           00068         SUBWF inverso,F
0026   1803           00069         BTFSC STATUS,C
0027   2???           00070         GOTO $+.4
0028   2???           00071         CALL DISPLAY_PORTB
0029   0086           00072         MOVWF PORTB
002A   2???           00073         GOTO $+.3
002B   0AA6           00074         INCF cont,F
002C   2???           00075         GOTO $-.9
002D   0822           00076         MOVFW unidad
002E   0725           00077         ADDWF inverso,W
002F   2???           00078         CALL DISPLAY_PORTC
0030   0087           00079         MOVWF PORTC
0031   2???           00080         CALL RETARDO
0032   2???           00081         GOTO MAIN
                      00082         
                      00083 ;--------------------------------------------------------------------------
                      00084 ; NUMBERIC LOOKUP TABLE FOR 7 SEG
                      00085 ;--------------------------------------------------------------------------
0033                  00086 DISPLAY_PORTC
0033   0782           00087         ADDWF PCL,f
0034   343F           00088         RETLW 3Fh ; //Hex value to display the number 0.
0035   3406           00089         RETLW 06h ; //Hex value to display the number 1.
0036   345B           00090         RETLW 5Bh ; //Hex value to display the number 2.
0037   344F           00091         RETLW 4Fh ; //Hex value to display the number 3.
MPASM 5.84                          MAIN.ASM   9-26-2020  0:30:17         PAGE  3


LOC  OBJECT CODE     LINE SOURCE TEXT
  VALUE

0038   3466           00092         RETLW 66h ; //Hex value to display the number 4.
0039   346D           00093         RETLW 6Dh ; //Hex value to display the number 5.
003A   347C           00094         RETLW 7Ch ; //Hex value to display the number 6.
003B   3407           00095         RETLW 07h ; //Hex value to display the number 7.
003C   347F           00096         RETLW 7Fh ; //Hex value to display the number 8.
003D   346F           00097         RETLW 6Fh ; //Hex value to display the number 9.
                      00098 ;**** Aquí está nuestra subrutina
                      00099 
003E                  00100 DISPLAY_PORTB
003E   0826           00101         MOVFW cont
003F   0782           00102         ADDWF PCL,F
0040   343F           00103         RETLW 3Fh ; //Hex value to display the number 0.
0041   3406           00104         RETLW 06h ; //Hex value to display the number 1.
0042   345B           00105         RETLW 5Bh ; //Hex value to display the number 2.
0043   344F           00106         RETLW 4Fh ; //Hex value to display the number 3.
0044   3466           00107         RETLW 66h ; //Hex value to display the number 4.
0045   346D           00108         RETLW 6Dh ; //Hex value to display the number 5.
0046   347C           00109         RETLW 7Ch ; //Hex value to display the number 6.
0047   3407           00110         RETLW 07h ; //Hex value to display the number 7.
0048   347F           00111         RETLW 7Fh ; //Hex value to display the number 8.
0049   346F           00112         RETLW 6Fh ; //Hex value to display the number 9.
004A                  00113 RETARDO
004A   300A           00114     movlw d'10'
004B   00A3           00115     movwf v3
004C   3064           00116     movlw d'100'
004D   00A0           00117     movwf v2
004E   30FA           00118     movlw d'250'
004F   00A7           00119     movwf v1
0050   0000           00120     nop
0051   0BA7           00121     decfsz v1,f
0052   2???           00122     goto $-.2
0053   0BA0           00123     decfsz v2,f
0054   2???           00124     goto $-.6
0055   0BA3           00125     decfsz v3,f
0056   2???           00126     goto $-.10
0057   0008           00127     return
Warning[205]: Found directive in column 1. (END)
30F1 3FFF             00128 END
MPASM 5.84                          MAIN.ASM   9-26-2020  0:30:17         PAGE  4


SYMBOL TABLE
  LABEL                             VALUE 

ABDEN                             00000000
ABDOVF                            00000007
ACKDT                             00000005
ACKEN                             00000004
ACKSTAT                           00000006
ADCON0                            0000001F
ADCON1                            0000009F
ADCS0                             00000006
ADCS1                             00000007
ADDEN                             00000003
ADFM                              00000007
ADIE                              00000006
ADIF                              00000006
ADON                              00000000
ADRESH                            0000001E
ADRESL                            0000009E
ANS0                              00000000
ANS1                              00000001
ANS10                             00000002
ANS11                             00000003
ANS12                             00000004
ANS13                             00000005
ANS2                              00000002
ANS3                              00000003
ANS4                              00000004
ANS5                              00000005
ANS6                              00000006
ANS7                              00000007
ANS8                              00000000
ANS9                              00000001
ANSEL                             00000188
ANSELH                            00000189
BAUDCTL                           00000187
BCLIE                             00000003
BCLIF                             00000003
BF                                00000000
BRG0                              00000000
BRG1                              00000001
BRG10                             00000002
BRG11                             00000003
BRG12                             00000004
BRG13                             00000005
BRG14                             00000006
BRG15                             00000007
BRG16                             00000003
BRG2                              00000002
BRG3                              00000003
BRG4                              00000004
BRG5                              00000005
BRG6                              00000006
BRG7                              00000007
BRG8                              00000000
BRG9                              00000001
MPASM 5.84                          MAIN.ASM   9-26-2020  0:30:17         PAGE  5


SYMBOL TABLE
  LABEL                             VALUE 

BRGH                              00000002
C                                 00000000
C1CH0                             00000000
C1CH1                             00000001
C1IE                              00000005
C1IF                              00000005
C1OE                              00000005
C1ON                              00000007
C1OUT                             00000006
C1POL                             00000004
C1R                               00000002
C1RSEL                            00000005
C1SEN                             00000005
C2CH0                             00000000
C2CH1                             00000001
C2IE                              00000006
C2IF                              00000006
C2OE                              00000005
C2ON                              00000007
C2OUT                             00000006
C2POL                             00000004
C2R                               00000002
C2REN                             00000004
C2RSEL                            00000004
C2SYNC                            00000000
CCP1CON                           00000017
CCP1IE                            00000002
CCP1IF                            00000002
CCP1M0                            00000000
CCP1M1                            00000001
CCP1M2                            00000002
CCP1M3                            00000003
CCP1X                             00000005
CCP1Y                             00000004
CCP2CON                           0000001D
CCP2IE                            00000000
CCP2IF                            00000000
CCP2M0                            00000000
CCP2M1                            00000001
CCP2M2                            00000002
CCP2M3                            00000003
CCP2X                             00000005
CCP2Y                             00000004
CCPR1                             00000015
CCPR1H                            00000016
CCPR1L                            00000015
CCPR2                             0000001B
CCPR2H                            0000001C
CCPR2L                            0000001B
CHS0                              00000002
CHS1                              00000003
CHS2                              00000004
CHS3                              00000005
MPASM 5.84                          MAIN.ASM   9-26-2020  0:30:17         PAGE  6


SYMBOL TABLE
  LABEL                             VALUE 

CKE                               00000006
CKP                               00000004
CM1CON0                           00000107
CM2CON0                           00000108
CM2CON1                           00000109
CREN                              00000004
CSRC                              00000007
D                                 00000005
DATA_ADDRESS                      00000005
DC                                00000001
DC1B0                             00000004
DC1B1                             00000005
DC2B0                             00000004
DC2B1                             00000005
DISPLAY_PORTB                     0000003E
DISPLAY_PORTC                     00000033
D_A                               00000005
D_NOT_A                           00000005
ECCPAS                            0000009C
ECCPAS0                           00000004
ECCPAS1                           00000005
ECCPAS2                           00000006
ECCPASE                           00000007
EEADR                             0000010D
EEADRH                            0000010F
EECON1                            0000018C
EECON2                            0000018D
EEDAT                             0000010C
EEDATA                            0000010C
EEDATH                            0000010E
EEIE                              00000004
EEIF                              00000004
EEPGD                             00000007
F                                 00000001
FERR                              00000002
FSR                               00000004
FVREN                             00000000
GCEN                              00000007
GIE                               00000007
GO                                00000001
GO_DONE                           00000001
GO_NOT_DONE                       00000001
HTS                               00000002
I2C_DATA                          00000005
I2C_READ                          00000002
I2C_START                         00000003
I2C_STOP                          00000004
INDF                              00000000
INTCON                            0000000B
INTE                              00000004
INTEDG                            00000006
INTF                              00000001
IOCB                              00000096
MPASM 5.84                          MAIN.ASM   9-26-2020  0:30:17         PAGE  7


SYMBOL TABLE
  LABEL                             VALUE 

IOCB0                             00000000
IOCB1                             00000001
IOCB2                             00000002
IOCB3                             00000003
IOCB4                             00000004
IOCB5                             00000005
IOCB6                             00000006
IOCB7                             00000007
IRCF0                             00000004
IRCF1                             00000005
IRCF2                             00000006
IRP                               00000007
LTS                               00000001
MAIN                              00000011
MC1OUT                            00000007
MC2OUT                            00000006
MOSTRAR                           00000023
MSK                               00000093
MSK0                              00000000
MSK1                              00000001
MSK2                              00000002
MSK3                              00000003
MSK4                              00000004
MSK5                              00000005
MSK6                              00000006
MSK7                              00000007
NOT_A                             00000005
NOT_ADDRESS                       00000005
NOT_BO                            00000000
NOT_BOR                           00000000
NOT_DONE                          00000001
NOT_PD                            00000003
NOT_POR                           00000001
NOT_RBPU                          00000007
NOT_RC8                           00000006
NOT_T1SYNC                        00000002
NOT_TO                            00000004
NOT_TX8                           00000006
NOT_W                             00000002
NOT_WRITE                         00000002
OERR                              00000001
OPTION_REG                        00000081
OSCCON                            0000008F
OSCTUNE                           00000090
OSFIE                             00000007
OSFIF                             00000007
OSTS                              00000003
P                                 00000004
P1M0                              00000006
P1M1                              00000007
PCL                               00000002
PCLATH                            0000000A
PCON                              0000008E
MPASM 5.84                          MAIN.ASM   9-26-2020  0:30:17         PAGE  8


SYMBOL TABLE
  LABEL                             VALUE 

PDC0                              00000000
PDC1                              00000001
PDC2                              00000002
PDC3                              00000003
PDC4                              00000004
PDC5                              00000005
PDC6                              00000006
PEIE                              00000006
PEN                               00000002
PIE1                              0000008C
PIE2                              0000008D
PIR1                              0000000C
PIR2                              0000000D
PORTA                             00000005
PORTB                             00000006
PORTC                             00000007
PORTD                             00000008
PORTE                             00000009
PR2                               00000092
PRSEN                             00000007
PS0                               00000000
PS1                               00000001
PS2                               00000002
PSA                               00000003
PSSAC0                            00000002
PSSAC1                            00000003
PSSBD0                            00000000
PSSBD1                            00000001
PSTRCON                           0000009D
PULSR                             00000002
PULSS                             00000003
PWM1CON                           0000009B
R                                 00000002
RA0                               00000000
RA1                               00000001
RA2                               00000002
RA3                               00000003
RA4                               00000004
RA5                               00000005
RA6                               00000006
RA7                               00000007
RB0                               00000000
RB1                               00000001
RB2                               00000002
RB3                               00000003
RB4                               00000004
RB5                               00000005
RB6                               00000006
RB7                               00000007
RBIE                              00000003
RBIF                              00000000
RC0                               00000000
RC1                               00000001
MPASM 5.84                          MAIN.ASM   9-26-2020  0:30:17         PAGE  9


SYMBOL TABLE
  LABEL                             VALUE 

RC2                               00000002
RC3                               00000003
RC4                               00000004
RC5                               00000005
RC6                               00000006
RC7                               00000007
RC8_9                             00000006
RC9                               00000006
RCD8                              00000000
RCEN                              00000003
RCIDL                             00000006
RCIE                              00000005
RCIF                              00000005
RCREG                             0000001A
RCSTA                             00000018
RD                                00000000
RD0                               00000000
RD1                               00000001
RD2                               00000002
RD3                               00000003
RD4                               00000004
RD5                               00000005
RD6                               00000006
RD7                               00000007
RE0                               00000000
RE1                               00000001
RE2                               00000002
RE3                               00000003
READ_WRITE                        00000002
RETARDO                           0000004A
RP0                               00000005
RP1                               00000006
RSEN                              00000001
RX9                               00000006
RX9D                              00000000
R_NOT_W                           00000002
R_W                               00000002
S                                 00000003
SBOREN                            00000004
SCKP                              00000004
SCS                               00000000
SEN                               00000000
SENDB                             00000003
SMP                               00000007
SPBRG                             00000099
SPBRGH                            0000009A
SPEN                              00000007
SR0                               00000006
SR1                               00000007
SRCON                             00000185
SREN                              00000005
SSPADD                            00000093
SSPBUF                            00000013
MPASM 5.84                          MAIN.ASM   9-26-2020  0:30:17         PAGE 10


SYMBOL TABLE
  LABEL                             VALUE 

SSPCON                            00000014
SSPCON2                           00000091
SSPEN                             00000005
SSPIE                             00000003
SSPIF                             00000003
SSPM0                             00000000
SSPM1                             00000001
SSPM2                             00000002
SSPM3                             00000003
SSPMSK                            00000093
SSPOV                             00000006
SSPSTAT                           00000094
STATUS                            00000003
STRA                              00000000
STRB                              00000001
STRC                              00000002
STRD                              00000003
STRSYNC                           00000004
SWDTEN                            00000000
SYNC                              00000004
T0CS                              00000005
T0IE                              00000005
T0IF                              00000002
T0SE                              00000004
T1CKPS0                           00000004
T1CKPS1                           00000005
T1CON                             00000010
T1GINV                            00000007
T1GIV                             00000007
T1GSS                             00000001
T1INSYNC                          00000002
T1OSCEN                           00000003
T1SYNC                            00000002
T2CKPS0                           00000000
T2CKPS1                           00000001
T2CON                             00000012
TMR0                              00000001
TMR0IE                            00000005
TMR0IF                            00000002
TMR1                              0000000E
TMR1CS                            00000001
TMR1GE                            00000006
TMR1H                             0000000F
TMR1IE                            00000000
TMR1IF                            00000000
TMR1L                             0000000E
TMR1ON                            00000000
TMR2                              00000011
TMR2IE                            00000001
TMR2IF                            00000001
TMR2ON                            00000002
TOUTPS0                           00000003
TOUTPS1                           00000004
MPASM 5.84                          MAIN.ASM   9-26-2020  0:30:17         PAGE 11


SYMBOL TABLE
  LABEL                             VALUE 

TOUTPS2                           00000005
TOUTPS3                           00000006
TRISA                             00000085
TRISA0                            00000000
TRISA1                            00000001
TRISA2                            00000002
TRISA3                            00000003
TRISA4                            00000004
TRISA5                            00000005
TRISA6                            00000006
TRISA7                            00000007
TRISB                             00000086
TRISB0                            00000000
TRISB1                            00000001
TRISB2                            00000002
TRISB3                            00000003
TRISB4                            00000004
TRISB5                            00000005
TRISB6                            00000006
TRISB7                            00000007
TRISC                             00000087
TRISC0                            00000000
TRISC1                            00000001
TRISC2                            00000002
TRISC3                            00000003
TRISC4                            00000004
TRISC5                            00000005
TRISC6                            00000006
TRISC7                            00000007
TRISD                             00000088
TRISD0                            00000000
TRISD1                            00000001
TRISD2                            00000002
TRISD3                            00000003
TRISD4                            00000004
TRISD5                            00000005
TRISD6                            00000006
TRISD7                            00000007
TRISE                             00000089
TRISE0                            00000000
TRISE1                            00000001
TRISE2                            00000002
TRISE3                            00000003
TRMT                              00000001
TUN0                              00000000
TUN1                              00000001
TUN2                              00000002
TUN3                              00000003
TUN4                              00000004
TX8_9                             00000006
TX9                               00000006
TX9D                              00000000
TXD8                              00000000
MPASM 5.84                          MAIN.ASM   9-26-2020  0:30:17         PAGE 12


SYMBOL TABLE
  LABEL                             VALUE 

TXEN                              00000005
TXIE                              00000004
TXIF                              00000004
TXREG                             00000019
TXSTA                             00000098
UA                                00000001
ULPWUE                            00000005
ULPWUIE                           00000002
ULPWUIF                           00000002
VCFG0                             00000004
VCFG1                             00000005
VR0                               00000000
VR1                               00000001
VR2                               00000002
VR3                               00000003
VRCON                             00000097
VREN                              00000007
VROE                              00000006
VRR                               00000005
VRSS                              00000004
W                                 00000000
WCOL                              00000007
WDTCON                            00000105
WDTPS0                            00000001
WDTPS1                            00000002
WDTPS2                            00000003
WDTPS3                            00000004
WPUB                              00000095
WPUB0                             00000000
WPUB1                             00000001
WPUB2                             00000002
WPUB3                             00000003
WPUB4                             00000004
WPUB5                             00000005
WPUB6                             00000006
WPUB7                             00000007
WR                                00000001
WREN                              00000002
WRERR                             00000003
WUE                               00000001
Z                                 00000002
_.org_0_0027                      00000027
_.org_0_002A                      0000002A
_.org_0_002C                      0000002C
_.org_0_0052                      00000052
_.org_0_0054                      00000054
_.org_0_0056                      00000056
_BOR21V                           00003EFF
_BOR40V                           00003FFF
_BOR4V_BOR21V                     00003EFF
_BOR4V_BOR40V                     00003FFF
_BOREN_NSLEEP                     00003EFF
_BOREN_OFF                        00003CFF
MPASM 5.84                          MAIN.ASM   9-26-2020  0:30:17         PAGE 13


SYMBOL TABLE
  LABEL                             VALUE 

_BOREN_ON                         00003FFF
_BOREN_SBODEN                     00003DFF
_BOR_NSLEEP                       00003EFF
_BOR_OFF                          00003CFF
_BOR_ON                           00003FFF
_BOR_SBODEN                       00003DFF
_CONFIG1                          00002007
_CONFIG2                          00002008
_CPD_OFF                          00003FFF
_CPD_ON                           00003F7F
_CP_OFF                           00003FFF
_CP_ON                            00003FBF
_DEBUG_OFF                        00003FFF
_DEBUG_ON                         00001FFF
_DEVID1                           00002006
_EC_OSC                           00003FFB
_EXTRC                            00003FFF
_EXTRCIO                          00003FFE
_EXTRC_OSC_CLKOUT                 00003FFF
_EXTRC_OSC_NOCLKOUT               00003FFE
_FCMEN_OFF                        000037FF
_FCMEN_ON                         00003FFF
_FOSC_EC                          00003FFB
_FOSC_EXTRC_CLKOUT                00003FFF
_FOSC_EXTRC_NOCLKOUT              00003FFE
_FOSC_HS                          00003FFA
_FOSC_INTRC_CLKOUT                00003FFD
_FOSC_INTRC_NOCLKOUT              00003FFC
_FOSC_LP                          00003FF8
_FOSC_XT                          00003FF9
_HS_OSC                           00003FFA
_IDLOC0                           00002000
_IDLOC1                           00002001
_IDLOC2                           00002002
_IDLOC3                           00002003
_IESO_OFF                         00003BFF
_IESO_ON                          00003FFF
_INTOSC                           00003FFD
_INTOSCIO                         00003FFC
_INTRC_OSC_CLKOUT                 00003FFD
_INTRC_OSC_NOCLKOUT               00003FFC
_LP_OSC                           00003FF8
_LVP_OFF                          00002FFF
_LVP_ON                           00003FFF
_MCLRE_OFF                        00003FDF
_MCLRE_ON                         00003FFF
_PWRTE_OFF                        00003FFF
_PWRTE_ON                         00003FEF
_WDTE_OFF                         00003FF7
_WDTE_ON                          00003FFF
_WDT_OFF                          00003FF7
_WDT_ON                           00003FFF
_WRT_1FOURTH                      00003BFF
MPASM 5.84                          MAIN.ASM   9-26-2020  0:30:17         PAGE 14


SYMBOL TABLE
  LABEL                             VALUE 

_WRT_256                          00003DFF
_WRT_HALF                         000039FF
_WRT_OFF                          00003FFF
_XT_OSC                           00003FF9
__16F887                          00000001
__DEBUG                           
__MPLAB_DEBUGGER_SIMULATOR        1
cont                              00000026
init                              00000001
inverso                           00000025
limite                            00000024
temporal                          00000021
unidad                            00000022
v1                                00000027
v2                                00000020
v3                                00000023

Errors   :     0
Warnings :     1 reported,     0 suppressed
Messages :     4 reported,     0 suppressed

